

*******************************************************************************
Sun Mar 21 20:32:33 2021


FIT:    data read from "tiempos_dijkstra.dat"
        format = z
        #datapoints = 48
        residuals are weighted equally (unit weight)

function used for fitting: f(x)
	f(x)=a*x**3
fitted parameters initialized with current variable values

iter      chisq       delta/lim  lambda   a            
   0 1.1957587060e+17   0.00e+00  4.99e+07    1.000000e+00
   5 7.9472347149e-03   0.00e+00  4.99e+02    5.692347e-09

After 5 iterations the fit converged.
final sum of squares of residuals : 0.00794723
rel. change during last iteration : 0

degrees of freedom    (FIT_NDF)                        : 47
rms of residuals      (FIT_STDFIT) = sqrt(WSSR/ndf)    : 0.0130035
variance of residuals (reduced chisquare) = WSSR/ndf   : 0.00016909

Final set of parameters            Asymptotic Standard Error
=======================            ==========================
a               = 5.69235e-09      +/- 3.76e-11     (0.6606%)


*******************************************************************************
Sun Mar 21 20:32:53 2021


FIT:    data read from "tiempos_dijkstra_O2.dat"
        format = z
        #datapoints = 48
        residuals are weighted equally (unit weight)

function used for fitting: g(x)
	g(x)=b*x**3
fitted parameters initialized with current variable values

iter      chisq       delta/lim  lambda   b            
   0 1.1957587134e+17   0.00e+00  4.99e+07    1.000000e+00
   5 7.3927396638e-03  -2.35e-11  4.99e+06    2.585120e-09

After 5 iterations the fit converged.
final sum of squares of residuals : 0.00739274
rel. change during last iteration : -2.34652e-16

degrees of freedom    (FIT_NDF)                        : 47
rms of residuals      (FIT_STDFIT) = sqrt(WSSR/ndf)    : 0.0125416
variance of residuals (reduced chisquare) = WSSR/ndf   : 0.000157292

Final set of parameters            Asymptotic Standard Error
=======================            ==========================
b               = 2.58512e-09      +/- 3.627e-11    (1.403%)


*******************************************************************************
Sun Mar 21 20:33:02 2021


FIT:    data read from "tiempos_dijkstra_O3.dat"
        format = z
        #datapoints = 48
        residuals are weighted equally (unit weight)

function used for fitting: h(x)
	h(x)=c*x**3
fitted parameters initialized with current variable values

iter      chisq       delta/lim  lambda   c            
   0 1.1957587129e+17   0.00e+00  4.99e+07    1.000000e+00
   5 6.6301994614e-03   0.00e+00  4.99e+04    2.803332e-09

After 5 iterations the fit converged.
final sum of squares of residuals : 0.0066302
rel. change during last iteration : 0

degrees of freedom    (FIT_NDF)                        : 47
rms of residuals      (FIT_STDFIT) = sqrt(WSSR/ndf)    : 0.0118772
variance of residuals (reduced chisquare) = WSSR/ndf   : 0.000141068

Final set of parameters            Asymptotic Standard Error
=======================            ==========================
c               = 2.80333e-09      +/- 3.435e-11    (1.225%)
